<?xml version="1.0" encoding="UTF-8"?>
<testsuite name="UsersTest" tests="3" skipped="0" failures="0" errors="0" timestamp="2021-08-22T13:17:27" hostname="karuu-HP-EliteBook-8470p" time="0.04">
  <properties/>
  <testcase name="GetRoleInstantiatesWithString_roles()" classname="UsersTest" time="0.034"/>
  <testcase name="GetDepartmentsInstantiatesWithDepartmentAssociatedWith_department()" classname="UsersTest" time="0.001"/>
  <testcase name="GetNameInstantiatesWithString_name()" classname="UsersTest" time="0.001"/>
  <system-out><![CDATA[]]></system-out>
  <system-err><![CDATA[]]></system-err>
</testsuite>
