<?xml version="1.0" encoding="UTF-8"?>
<testsuite name="Models.UsersTest" tests="8" skipped="0" failures="0" errors="0" timestamp="2021-08-23T10:08:47" hostname="karuu-HP-EliteBook-8470p" time="0.013">
  <properties/>
  <testcase name="setRolesCorrectly()" classname="Models.UsersTest" time="0.001"/>
  <testcase name="setUseridCorrectly()" classname="Models.UsersTest" time="0.001"/>
  <testcase name="setsNameCorrectly()" classname="Models.UsersTest" time="0.001"/>
  <testcase name="GetRoleInstantiatesWithString_roles()" classname="Models.UsersTest" time="0.001"/>
  <testcase name="setDescriptionCorrectly()" classname="Models.UsersTest" time="0.001"/>
  <testcase name="GetAllInstances()" classname="Models.UsersTest" time="0.001"/>
  <testcase name="GetDepartmentsInstantiatesWithDepartmentAssociatedWith_department()" classname="Models.UsersTest" time="0.001"/>
  <testcase name="GetNameInstantiatesWithString_name()" classname="Models.UsersTest" time="0.001"/>
  <system-out><![CDATA[]]></system-out>
  <system-err><![CDATA[]]></system-err>
</testsuite>
