<?xml version="1.0" encoding="UTF-8"?>
<testsuite name="Models.UsersTest" tests="4" skipped="0" failures="0" errors="0" timestamp="2021-08-22T13:33:05" hostname="karuu-HP-EliteBook-8470p" time="0.009">
  <properties/>
  <testcase name="GetRoleInstantiatesWithString_roles()" classname="Models.UsersTest" time="0.002"/>
  <testcase name="GetAllInstances()" classname="Models.UsersTest" time="0.001"/>
  <testcase name="GetDepartmentsInstantiatesWithDepartmentAssociatedWith_department()" classname="Models.UsersTest" time="0.001"/>
  <testcase name="GetNameInstantiatesWithString_name()" classname="Models.UsersTest" time="0.002"/>
  <system-out><![CDATA[]]></system-out>
  <system-err><![CDATA[]]></system-err>
</testsuite>
